<?xml version="1.0" encoding="UTF-8"?>
<testng-results ignored="0" total="1" passed="1" failed="0" skipped="0">
  <reporter-output>
  </reporter-output>
  <suite started-at="2022-06-01T08:02:04 IST" name="Surefire suite" finished-at="2022-06-01T08:02:04 IST" duration-ms="15">
    <groups>
    </groups>
    <test started-at="2022-06-01T08:02:04 IST" name="Surefire test" finished-at="2022-06-01T08:02:04 IST" duration-ms="15">
      <class name="com.prac.AppTest">
        <test-method signature="testApp()[pri:0, instance:testApp(com.prac.AppTest)]" started-at="2022-06-01T08:02:04 IST" name="testApp" finished-at="2022-06-01T08:02:04 IST" duration-ms="15" status="PASS">
          <reporter-output>
          </reporter-output>
        </test-method> <!-- testApp -->
      </class> <!-- com.prac.AppTest -->
    </test> <!-- Surefire test -->
  </suite> <!-- Surefire suite -->
</testng-results>
